<html>
<body>
<pre>
<h1>Vision Build Log</h1>
<h2>Project:</h2>
D:\C51 projects\步进电机旋转\led flash.uvproj
Project File Date:  12/15/2020

<h2>Output:</h2>
Build target 'Target 1'
compiling man.c...
MAN.C(14): warning C206: 'StarMotor': missing function-prototype
MAN.C(15): error C141: syntax error near 'while'
MAN.C(45): error C202: 'beat': undefined identifier
Target not created
Build target 'Target 1'
compiling man.c...
MAN.C(16): warning C206: 'StarMotor': missing function-prototype
MAN.C(47): error C202: 'beat': undefined identifier
Target not created
Build target 'Target 1'
compiling man.c...
MAN.C(16): warning C206: 'StarMotor': missing function-prototype
MAN.C(16): error C267: 'StarMotor': requires ANSI-style prototype
Target not created
Build target 'Target 1'
compiling man.c...
MAN.C(16): error C267: 'StartMotor': requires ANSI-style prototype
Target not created
Build target 'Target 1'
compiling man.c...
MAN.C(16): error C267: 'StartMotor': requires ANSI-style prototype
Target not created
Build target 'Target 1'
compiling man.c...
MAN.C(16): error C267: 'StartMotor': requires ANSI-style prototype
Target not created
Build target 'Target 1'
compiling man.c...
linking...
Program Size: data=15.0 xdata=0 code=578
creating hex file from "led flash"...
"led flash" - 0 Error(s), 0 Warning(s).
Build target 'Target 1'
compiling man.c...
linking...
Program Size: data=15.0 xdata=0 code=578
creating hex file from "led flash"...
"led flash" - 0 Error(s), 0 Warning(s).
Build target 'Target 1'
compiling man.c...
MAN.C(19): error C141: syntax error near '['
Target not created
Build target 'Target 1'
compiling man.c...
MAN.C(19): error C141: syntax error near '['
Target not created
Build target 'Target 1'
compiling man.c...
MAN.C(19): error C141: syntax error near '['
Target not created
Build target 'Target 1'
compiling man.c...
MAN.C(19): error C141: syntax error near '['
Target not created
Build target 'Target 1'
compiling man.c...
MAN.C(46): warning C235: parameter 1: different types
MAN.C(157): warning C206: 'KeyScan': missing function-prototype
linking...
*** WARNING L1: UNRESOLVED EXTERNAL SYMBOL
    SYMBOL:  KEYSCAN
    MODULE:  man.obj (MAN)
*** WARNING L2: REFERENCE MADE TO UNRESOLVED EXTERNAL
    SYMBOL:  KEYSCAN
    MODULE:  man.obj (MAN)
    ADDRESS: 0368H
Program Size: data=53.2 xdata=0 code=1126
creating hex file from "led flash"...
"led flash" - 0 Error(s), 4 Warning(s).
Build target 'Target 1'
compiling man.c...
MAN.C(46): warning C235: parameter 1: different types
linking...
Program Size: data=70.2 xdata=0 code=1358
creating hex file from "led flash"...
"led flash" - 0 Error(s), 1 Warning(s).
Build target 'Target 1'
compiling man.c...
MAN.C(46): warning C235: parameter 1: different types
linking...
Program Size: data=70.2 xdata=0 code=1358
creating hex file from "led flash"...
"led flash" - 0 Error(s), 1 Warning(s).
Build target 'Target 1'
compiling man.c...
MAN.C(46): warning C235: parameter 1: different types
linking...
Program Size: data=70.2 xdata=0 code=1358
creating hex file from "led flash"...
"led flash" - 0 Error(s), 1 Warning(s).
